[18:46:09.094] Global cache location '/home/facupri/.cache/typescript/4.3', safe file path '/home/facupri/Clones/myPortfolio/node_modules/typescript/lib/typingSafeList.json', types map path /home/facupri/Clones/myPortfolio/node_modules/typescript/lib/typesMap.json
[18:46:09.098] Processing cache location '/home/facupri/.cache/typescript/4.3'
[18:46:09.099] Trying to find '/home/facupri/.cache/typescript/4.3/package.json'...
[18:46:09.117] Loaded content of '/home/facupri/.cache/typescript/4.3/package.json': {"private":true,"dependencies":{"types-registry":"^0.1.555"},"devDependencies":{"@types/bcrypt":"^5.0.0","@types/co":"^4.6.2","@types/cookie":"^0.4.1","@types/express":"^4.17.13","@types/inherits":"^0.0.30","@types/jsonwebtoken":"^8.5.4","@types/node":"^16.4.7","@types/nopt":"^3.0.29","@types/npmlog":"^4.1.3","@types/page":"^1.11.3","@types/react":"^17.0.17","@types/react-dom":"^17.0.9","@types/react-table":"^7.7.2","@types/styled-components":"^5.1.12","@types/uuid":"^8.3.1"}}
[18:46:09.117] Loaded content of '/home/facupri/.cache/typescript/4.3/package-lock.json'
[18:46:09.235] Adding entry into typings cache: 'bcrypt' => '/home/facupri/.cache/typescript/4.3/node_modules/@types/bcrypt/index.d.ts'
[18:46:09.254] Adding entry into typings cache: 'co' => '/home/facupri/.cache/typescript/4.3/node_modules/@types/co/index.d.ts'
[18:46:09.274] Adding entry into typings cache: 'cookie' => '/home/facupri/.cache/typescript/4.3/node_modules/@types/cookie/index.d.ts'
[18:46:09.296] Adding entry into typings cache: 'express' => '/home/facupri/.cache/typescript/4.3/node_modules/@types/express/index.d.ts'
[18:46:09.319] Adding entry into typings cache: 'inherits' => '/home/facupri/.cache/typescript/4.3/node_modules/@types/inherits/index.d.ts'
[18:46:09.353] Adding entry into typings cache: 'jsonwebtoken' => '/home/facupri/.cache/typescript/4.3/node_modules/@types/jsonwebtoken/index.d.ts'
[18:46:09.422] Adding entry into typings cache: 'node' => '/home/facupri/.cache/typescript/4.3/node_modules/@types/node/index.d.ts'
[18:46:09.430] Adding entry into typings cache: 'nopt' => '/home/facupri/.cache/typescript/4.3/node_modules/@types/nopt/index.d.ts'
[18:46:09.443] Adding entry into typings cache: 'npmlog' => '/home/facupri/.cache/typescript/4.3/node_modules/@types/npmlog/index.d.ts'
[18:46:09.462] Adding entry into typings cache: 'page' => '/home/facupri/.cache/typescript/4.3/node_modules/@types/page/index.d.ts'
[18:46:09.493] Adding entry into typings cache: 'react' => '/home/facupri/.cache/typescript/4.3/node_modules/@types/react/index.d.ts'
[18:46:09.507] Adding entry into typings cache: 'react-dom' => '/home/facupri/.cache/typescript/4.3/node_modules/@types/react-dom/index.d.ts'
[18:46:09.526] Adding entry into typings cache: 'react-table' => '/home/facupri/.cache/typescript/4.3/node_modules/@types/react-table/index.d.ts'
[18:46:09.546] Adding entry into typings cache: 'styled-components' => '/home/facupri/.cache/typescript/4.3/node_modules/@types/styled-components/index.d.ts'
[18:46:09.576] Adding entry into typings cache: 'uuid' => '/home/facupri/.cache/typescript/4.3/node_modules/@types/uuid/index.d.ts'
[18:46:09.576] Finished processing cache location '/home/facupri/.cache/typescript/4.3'
[18:46:09.578] Process id: 37758
[18:46:09.578] NPM location: /usr/bin/npm (explicit '--npmLocation' not  provided)
[18:46:09.578] validateDefaultNpmLocation: false
[18:46:09.579] Npm config file: /home/facupri/.cache/typescript/4.3/package.json
[18:46:09.581] Updating types-registry npm package...
[18:46:09.582] Exec: /usr/bin/npm install --ignore-scripts types-registry@latest
[18:46:13.825]     Succeeded. stdout:
    
    up to date, audited 30 packages in 3s

found 0 vulnerabilities

[18:46:13.825] Updated types-registry npm package
