[17:51:10.822] Global cache location '/home/facupri/.cache/typescript/4.3', safe file path '/home/facupri/Clones/myPortfolio/node_modules/typescript/lib/typingSafeList.json', types map path /home/facupri/Clones/myPortfolio/node_modules/typescript/lib/typesMap.json
[17:51:10.827] Processing cache location '/home/facupri/.cache/typescript/4.3'
[17:51:10.827] Trying to find '/home/facupri/.cache/typescript/4.3/package.json'...
[17:51:10.832] Loaded content of '/home/facupri/.cache/typescript/4.3/package.json': {"private":true,"dependencies":{"types-registry":"^0.1.555"},"devDependencies":{"@types/bcrypt":"^5.0.0","@types/co":"^4.6.2","@types/cookie":"^0.4.1","@types/express":"^4.17.13","@types/inherits":"^0.0.30","@types/jsonwebtoken":"^8.5.4","@types/node":"^16.4.7","@types/nopt":"^3.0.29","@types/npmlog":"^4.1.3","@types/page":"^1.11.3","@types/react":"^17.0.17","@types/react-dom":"^17.0.9","@types/react-table":"^7.7.2","@types/styled-components":"^5.1.12","@types/uuid":"^8.3.1"}}
[17:51:10.832] Loaded content of '/home/facupri/.cache/typescript/4.3/package-lock.json'
[17:51:10.877] Adding entry into typings cache: 'bcrypt' => '/home/facupri/.cache/typescript/4.3/node_modules/@types/bcrypt/index.d.ts'
[17:51:10.887] Adding entry into typings cache: 'co' => '/home/facupri/.cache/typescript/4.3/node_modules/@types/co/index.d.ts'
[17:51:10.899] Adding entry into typings cache: 'cookie' => '/home/facupri/.cache/typescript/4.3/node_modules/@types/cookie/index.d.ts'
[17:51:10.912] Adding entry into typings cache: 'express' => '/home/facupri/.cache/typescript/4.3/node_modules/@types/express/index.d.ts'
[17:51:10.921] Adding entry into typings cache: 'inherits' => '/home/facupri/.cache/typescript/4.3/node_modules/@types/inherits/index.d.ts'
[17:51:10.948] Adding entry into typings cache: 'jsonwebtoken' => '/home/facupri/.cache/typescript/4.3/node_modules/@types/jsonwebtoken/index.d.ts'
[17:51:11.008] Adding entry into typings cache: 'node' => '/home/facupri/.cache/typescript/4.3/node_modules/@types/node/index.d.ts'
[17:51:11.013] Adding entry into typings cache: 'nopt' => '/home/facupri/.cache/typescript/4.3/node_modules/@types/nopt/index.d.ts'
[17:51:11.022] Adding entry into typings cache: 'npmlog' => '/home/facupri/.cache/typescript/4.3/node_modules/@types/npmlog/index.d.ts'
[17:51:11.031] Adding entry into typings cache: 'page' => '/home/facupri/.cache/typescript/4.3/node_modules/@types/page/index.d.ts'
[17:51:11.052] Adding entry into typings cache: 'react' => '/home/facupri/.cache/typescript/4.3/node_modules/@types/react/index.d.ts'
[17:51:11.061] Adding entry into typings cache: 'react-dom' => '/home/facupri/.cache/typescript/4.3/node_modules/@types/react-dom/index.d.ts'
[17:51:11.067] Adding entry into typings cache: 'react-table' => '/home/facupri/.cache/typescript/4.3/node_modules/@types/react-table/index.d.ts'
[17:51:11.075] Adding entry into typings cache: 'styled-components' => '/home/facupri/.cache/typescript/4.3/node_modules/@types/styled-components/index.d.ts'
[17:51:11.079] Adding entry into typings cache: 'uuid' => '/home/facupri/.cache/typescript/4.3/node_modules/@types/uuid/index.d.ts'
[17:51:11.079] Finished processing cache location '/home/facupri/.cache/typescript/4.3'
[17:51:11.080] Process id: 8363
[17:51:11.080] NPM location: /usr/bin/npm (explicit '--npmLocation' not  provided)
[17:51:11.081] validateDefaultNpmLocation: false
[17:51:11.081] Npm config file: /home/facupri/.cache/typescript/4.3/package.json
[17:51:11.081] Updating types-registry npm package...
[17:51:11.082] Exec: /usr/bin/npm install --ignore-scripts types-registry@latest
[17:51:14.572]     Succeeded. stdout:
    
    up to date, audited 30 packages in 3s

found 0 vulnerabilities

[17:51:14.573] Updated types-registry npm package
[18:14:42.360] Got install request {"projectName":"/dev/null/inferredProject1*","fileNames":["/home/facupri/Clones/myPortfolio/node_modules/typescript/lib/lib.es5.d.ts","/home/facupri/Clones/myPortfolio/node_modules/typescript/lib/lib.es2015.d.ts","/home/facupri/Clones/myPortfolio/node_modules/typescript/lib/lib.es2016.d.ts","/home/facupri/Clones/myPortfolio/node_modules/typescript/lib/lib.dom.d.ts","/home/facupri/Clones/myPortfolio/node_modules/typescript/lib/lib.dom.iterable.d.ts","/home/facupri/Clones/myPortfolio/node_modules/typescript/lib/lib.webworker.importscripts.d.ts","/home/facupri/Clones/myPortfolio/node_modules/typescript/lib/lib.scripthost.d.ts","/home/facupri/Clones/myPortfolio/node_modules/typescript/lib/lib.es2015.core.d.ts","/home/facupri/Clones/myPortfolio/node_modules/typescript/lib/lib.es2015.collection.d.ts","/home/facupri/Clones/myPortfolio/node_modules/typescript/lib/lib.es2015.generator.d.ts","/home/facupri/Clones/myPortfolio/node_modules/typescript/lib/lib.es2015.iterable.d.ts","/home/facupri/Clones/myPortfolio/node_modules/typescript/lib/lib.es2015.promise.d.ts","/home/facupri/Clones/myPortfolio/node_modules/typescript/lib/lib.es2015.proxy.d.ts","/home/facupri/Clones/myPortfolio/node_modules/typescript/lib/lib.es2015.reflect.d.ts","/home/facupri/Clones/myPortfolio/node_modules/typescript/lib/lib.es2015.symbol.d.ts","/home/facupri/Clones/myPortfolio/node_modules/typescript/lib/lib.es2015.symbol.wellknown.d.ts","/home/facupri/Clones/myPortfolio/node_modules/typescript/lib/lib.es2016.array.include.d.ts","/home/facupri/Clones/myPortfolio/node_modules/typescript/lib/lib.es2016.full.d.ts","/home/facupri/Clones/myPortfolio/lib/gtag.js"],"compilerOptions":{"module":1,"target":3,"jsx":1,"allowJs":true,"allowSyntheticDefaultImports":true,"allowNonTsExtensions":true,"noEmitForJsFiles":true,"maxNodeModuleJsDepth":2},"typeAcquisition":{"enable":true,"include":[],"exclude":[]},"unresolvedImports":[],"projectRootPath":"/home/facupri/Clones/myPortfolio/lib","kind":"discover"}
[18:14:42.602] Loaded safelist from types map file '/home/facupri/Clones/myPortfolio/node_modules/typescript/lib/typesMap.json'
[18:14:42.610] Explicitly included types: []
[18:14:42.632] Inferred typings from unresolved imports: []
[18:14:42.632] Result: {"cachedTypingPaths":[],"newTypingNames":[],"filesToWatch":["/home/facupri/Clones/myPortfolio/lib/bower_components","/home/facupri/Clones/myPortfolio/lib/node_modules"]}
[18:14:42.641] Finished typings discovery: {"cachedTypingPaths":[],"newTypingNames":[],"filesToWatch":["/home/facupri/Clones/myPortfolio/lib/bower_components","/home/facupri/Clones/myPortfolio/lib/node_modules"]}
[18:14:42.651] DirectoryWatcher:: Added:: WatchInfo: /home/facupri/Clones/myPortfolio/lib/bower_components
[18:14:42.659] DirectoryWatcher:: Added:: WatchInfo: /home/facupri/Clones/myPortfolio/lib/bower_components 1 undefined Project: /dev/null/inferredProject1* watcher already invoked: false
[18:14:42.691] Elapsed:: 31.19092999957502ms DirectoryWatcher:: Added:: WatchInfo: /home/facupri/Clones/myPortfolio/lib/bower_components 1 undefined Project: /dev/null/inferredProject1* watcher already invoked: false
[18:14:42.692] DirectoryWatcher:: Added:: WatchInfo: /home/facupri/Clones/myPortfolio/lib/node_modules
[18:14:42.692] DirectoryWatcher:: Added:: WatchInfo: /home/facupri/Clones/myPortfolio/lib/node_modules 1 undefined Project: /dev/null/inferredProject1* watcher already invoked: false
[18:14:42.703] Elapsed:: 10.394038999918848ms DirectoryWatcher:: Added:: WatchInfo: /home/facupri/Clones/myPortfolio/lib/node_modules 1 undefined Project: /dev/null/inferredProject1* watcher already invoked: false
[18:14:42.704] Sending response:
    {"projectName":"/dev/null/inferredProject1*","typeAcquisition":{"enable":true,"include":[],"exclude":[]},"compilerOptions":{"module":1,"target":3,"jsx":1,"allowJs":true,"allowSyntheticDefaultImports":true,"allowNonTsExtensions":true,"noEmitForJsFiles":true,"maxNodeModuleJsDepth":2},"typings":[],"unresolvedImports":[],"kind":"action::set"}
[18:14:42.712] Response has been sent.
[18:14:42.712] No new typings were requested as a result of typings discovery
[18:15:54.046] Got install request {"projectName":"/dev/null/inferredProject1*","fileNames":[],"compilerOptions":{"module":1,"target":3,"jsx":1,"allowJs":true,"allowSyntheticDefaultImports":true,"allowNonTsExtensions":true,"noEmitForJsFiles":true},"typeAcquisition":{"enable":true,"include":[],"exclude":[]},"unresolvedImports":[],"projectRootPath":"/home/facupri/Clones/myPortfolio/lib","kind":"discover"}
[18:15:54.048] Explicitly included types: []
[18:15:54.049] Inferred typings from unresolved imports: []
[18:15:54.049] Result: {"cachedTypingPaths":[],"newTypingNames":[],"filesToWatch":["/home/facupri/Clones/myPortfolio/lib/bower_components","/home/facupri/Clones/myPortfolio/lib/node_modules"]}
[18:15:54.049] Finished typings discovery: {"cachedTypingPaths":[],"newTypingNames":[],"filesToWatch":["/home/facupri/Clones/myPortfolio/lib/bower_components","/home/facupri/Clones/myPortfolio/lib/node_modules"]}
[18:15:54.060] Sending response:
    {"projectName":"/dev/null/inferredProject1*","typeAcquisition":{"enable":true,"include":[],"exclude":[]},"compilerOptions":{"module":1,"target":3,"jsx":1,"allowJs":true,"allowSyntheticDefaultImports":true,"allowNonTsExtensions":true,"noEmitForJsFiles":true},"typings":[],"unresolvedImports":[],"kind":"action::set"}
[18:15:54.061] Response has been sent.
[18:15:54.061] No new typings were requested as a result of typings discovery
[18:15:54.145] Got install request {"projectName":"/dev/null/inferredProject3*","fileNames":[],"compilerOptions":{"module":1,"target":3,"jsx":1,"allowJs":true,"allowSyntheticDefaultImports":true,"allowNonTsExtensions":true,"noEmitForJsFiles":true},"typeAcquisition":{"enable":true,"include":[],"exclude":[]},"unresolvedImports":[],"projectRootPath":"/home/facupri/Clones/myPortfolio/lib","kind":"discover"}
[18:15:54.145] Explicitly included types: []
[18:15:54.146] Inferred typings from unresolved imports: []
[18:15:54.146] Result: {"cachedTypingPaths":[],"newTypingNames":[],"filesToWatch":["/home/facupri/Clones/myPortfolio/lib/bower_components","/home/facupri/Clones/myPortfolio/lib/node_modules"]}
[18:15:54.146] Finished typings discovery: {"cachedTypingPaths":[],"newTypingNames":[],"filesToWatch":["/home/facupri/Clones/myPortfolio/lib/bower_components","/home/facupri/Clones/myPortfolio/lib/node_modules"]}
[18:15:54.147] DirectoryWatcher:: Added:: WatchInfo: /home/facupri/Clones/myPortfolio/lib/bower_components
[18:15:54.147] DirectoryWatcher:: Added:: WatchInfo: /home/facupri/Clones/myPortfolio/lib/bower_components 1 undefined Project: /dev/null/inferredProject3* watcher already invoked: false
[18:15:54.147] Elapsed:: 0.1162250000052154ms DirectoryWatcher:: Added:: WatchInfo: /home/facupri/Clones/myPortfolio/lib/bower_components 1 undefined Project: /dev/null/inferredProject3* watcher already invoked: false
[18:15:54.158] DirectoryWatcher:: Added:: WatchInfo: /home/facupri/Clones/myPortfolio/lib/node_modules
[18:15:54.158] DirectoryWatcher:: Added:: WatchInfo: /home/facupri/Clones/myPortfolio/lib/node_modules 1 undefined Project: /dev/null/inferredProject3* watcher already invoked: false
[18:15:54.159] Elapsed:: 0.08290300006046891ms DirectoryWatcher:: Added:: WatchInfo: /home/facupri/Clones/myPortfolio/lib/node_modules 1 undefined Project: /dev/null/inferredProject3* watcher already invoked: false
[18:15:54.159] Sending response:
    {"projectName":"/dev/null/inferredProject3*","typeAcquisition":{"enable":true,"include":[],"exclude":[]},"compilerOptions":{"module":1,"target":3,"jsx":1,"allowJs":true,"allowSyntheticDefaultImports":true,"allowNonTsExtensions":true,"noEmitForJsFiles":true},"typings":[],"unresolvedImports":[],"kind":"action::set"}
[18:15:54.160] Response has been sent.
[18:15:54.160] No new typings were requested as a result of typings discovery
[18:28:15.964] Parent process has exited, shutting down...
